生成启动时间为 2018/10/15 21:58:38。
     1>项目“C:\Users\Administrator\Desktop\新建文件夹\FaceRecognition\FaceRecognition\FaceRecognition.vcxproj”在节点 2 上(Build 个目标)。
     1>ClCompile:
         D:\新建文件夹2\visual studio\VC\bin\CL.exe /c /ZI /nologo /W3 /WX- /sdl /Od /Oy- /D WIN32 /D _DEBUG /D _CONSOLE /D _LIB /D _UNICODE /D UNICODE /Gm /EHsc /RTC1 /MDd /GS /fp:precise /Zc:wchar_t /Zc:forScope /Fo"Debug\\" /Fd"Debug\vc120.pdb" /Gd /TP /analyze- /errorReport:prompt Main.cpp Operate.cpp
         Operate.cpp
     1>c:\users\administrator\desktop\opencv\opencv 3.0.0\opencv\build\include\opencv2\core\mat.hpp(1965): warning C4819: 该文件包含不能在当前代码页(936)中表示的字符。请将该文件保存为 Unicode 格式以防止数据丢失
     1>c:\users\administrator\desktop\opencv\opencv 3.0.0\opencv\build\include\opencv2\core\persistence.hpp : warning C4819: 该文件包含不能在当前代码页(936)中表示的字符。请将该文件保存为 Unicode 格式以防止数据丢失
     1>c:\users\administrator\desktop\opencv\opencv 3.0.0\opencv\build\include\opencv2\core\utility.hpp : warning C4819: 该文件包含不能在当前代码页(936)中表示的字符。请将该文件保存为 Unicode 格式以防止数据丢失
     1>c:\users\administrator\desktop\新建文件夹\facerecognition\facerecognition\operate.cpp(36): warning C4018: “<”: 有符号/无符号不匹配
         Main.cpp
     1>c:\users\administrator\desktop\opencv\opencv 3.0.0\opencv\build\include\opencv2\core\mat.hpp(1965): warning C4819: 该文件包含不能在当前代码页(936)中表示的字符。请将该文件保存为 Unicode 格式以防止数据丢失
     1>c:\users\administrator\desktop\opencv\opencv 3.0.0\opencv\build\include\opencv2\core\persistence.hpp : warning C4819: 该文件包含不能在当前代码页(936)中表示的字符。请将该文件保存为 Unicode 格式以防止数据丢失
     1>c:\users\administrator\desktop\opencv\opencv 3.0.0\opencv\build\include\opencv2\core\utility.hpp : warning C4819: 该文件包含不能在当前代码页(936)中表示的字符。请将该文件保存为 Unicode 格式以防止数据丢失
     1>c:\users\administrator\desktop\opencv\opencv 3.0.0\opencv\build\include\opencv2\face\predict_collector.hpp(69): error C3861: “CV_UNUSED”:  找不到标识符
     1>c:\users\administrator\desktop\opencv\opencv 3.0.0\opencv\build\include\opencv2\face\predict_collector.hpp(101): error C3646: “CV_OVERRIDE”: 未知重写说明符
     1>c:\users\administrator\desktop\opencv\opencv 3.0.0\opencv\build\include\opencv2\face\predict_collector.hpp(103): error C3646: “CV_OVERRIDE”: 未知重写说明符
     1>c:\users\administrator\desktop\opencv\opencv 3.0.0\opencv\build\include\opencv2\face.hpp(336): error C3646: “CV_OVERRIDE”: 未知重写说明符
     1>c:\users\administrator\desktop\opencv\opencv 3.0.0\opencv\build\include\opencv2\face.hpp(339): error C3646: “CV_OVERRIDE”: 未知重写说明符
     1>c:\users\administrator\desktop\opencv\opencv 3.0.0\opencv\build\include\opencv2\face.hpp(342): error C3646: “CV_OVERRIDE”: 未知重写说明符
     1>c:\users\administrator\desktop\opencv\opencv 3.0.0\opencv\build\include\opencv2\face\facerec.hpp(28): error C3646: “CV_OVERRIDE”: 未知重写说明符
     1>c:\users\administrator\desktop\opencv\opencv 3.0.0\opencv\build\include\opencv2\face\facerec.hpp(30): error C3646: “CV_OVERRIDE”: 未知重写说明符
     1>c:\users\administrator\desktop\opencv\opencv 3.0.0\opencv\build\include\opencv2\face\facerec.hpp(37): error C3646: “CV_OVERRIDE”: 未知重写说明符
     1>c:\users\administrator\desktop\opencv\opencv 3.0.0\opencv\build\include\opencv2\face\facerec.hpp(38): error C3646: “CV_OVERRIDE”: 未知重写说明符
     1>c:\users\administrator\desktop\opencv\opencv 3.0.0\opencv\build\include\opencv2\face\facerec.hpp(39): error C3646: “CV_OVERRIDE”: 未知重写说明符
     1>c:\users\administrator\desktop\opencv\opencv 3.0.0\opencv\build\include\opencv2\face\facerec.hpp(146): error C3646: “CV_OVERRIDE”: 未知重写说明符
     1>c:\users\administrator\desktop\opencv\opencv 3.0.0\opencv\build\include\opencv2\face\facerec.hpp(148): error C3646: “CV_OVERRIDE”: 未知重写说明符
         正在生成代码...
     1>已完成生成项目“C:\Users\Administrator\Desktop\新建文件夹\FaceRecognition\FaceRecognition\FaceRecognition.vcxproj”(Build 个目标)的操作 - 失败。

生成失败。

已用时间 00:00:06.18
